Microsoft (R) Help Compiler
HCRTF 4.03.0002
Copyright (c) Microsoft Corp 1990 - 1995. All rights reserved.
wally.hpj
    HC3037: Warning: c:\code\vc6\Wally\hlp\Wally.hm : 
	The map value for "HID_TP_SPRAY" is the same as the map value for "HID_BUTTON32889".
    HC3037: Warning: c:\code\vc6\Wally\hlp\Wally.hm : 
	The map value for "HIDR_BROWSE_POPUP" is the same as the map value for "HIDR_BROWSE2_POPUP".
    HC3037: Warning: c:\code\vc6\Wally\hlp\Wally.hm : 
	The map value for "HIDD_PACKAGE_EXPORT_DLG" is the same as the map value for "HIDD_PACKAGE_CONVERT_DLG".
    HC3037: Warning: c:\code\vc6\Wally\hlp\Wally.hm : 
	The map value for "HIDD_NEW_RULE_DLG" is the same as the map value for "HIDD_DIALOG1".
    HC1002: Note: 
	Using existing phrase table: Wally.ph.
    HC3025: Warning: topic #1 of C:\Code\vc6\Wally\hlp\.\afxcore.rtf : 
	Jump to undefined Topic ID: "menu_record".
    HC3025: Warning: topic #2 of C:\Code\vc6\Wally\hlp\.\afxcore.rtf : 
	Jump to undefined Topic ID: "HID_FILE_PRINT_PREVIEW".
    HC3025: Warning: topic #2 of C:\Code\vc6\Wally\hlp\.\afxcore.rtf : 
	Jump to undefined Topic ID: "HID_FILE_PRINT_SETUP".
    HC3025: Warning: topic #2 of C:\Code\vc6\Wally\hlp\.\afxcore.rtf : 
	Jump to undefined Topic ID: "HID_FILE_PRINT".
    HC3025: Warning: topic #3 of C:\Code\vc6\Wally\hlp\.\afxcore.rtf : 
	Jump to undefined Topic ID: "HID_OLE_EDIT_LINKS".
    HC3025: Warning: topic #3 of C:\Code\vc6\Wally\hlp\.\afxcore.rtf : 
	Jump to undefined Topic ID: "HID_EDIT_PASTE_LINK".
    HC3025: Warning: topic #3 of C:\Code\vc6\Wally\hlp\.\afxcore.rtf : 
	Jump to undefined Topic ID: "HID_OLE_INSERT_NEW".
    HC1010: Note: 
	The following mapped Topic IDs were not used in any topic:
	HID_WIDTH_HEIGHT
	HID_TP_DARKEN
	AFX_HIDP_UNREG_DONE
	HID_PAK_POPUP_COPY
	HID_PAK_POPUP_OPEN
	HIDD_DUPLICATE_NAME
	HID_IMAGE_REDUCE_COLORS
	HID_BRPOPUP_COPY
	HID_BRPOPUP_OPEN
	HID_XYPOS
	HIDD_PAK_TREE_DLG
	HID_USE_AS_LEFT_PATTERN_SOURCE
	HID_SHAPE_DIAMOND
	HID_PACKAGE_DRAG_CANCEL
	HID_IMAGE_BRIGHTNESS_CONTRAST
	HID_EDIT_SHIFT_UP
	HIDR_LMP_SHADOW
	HID_EDIT_PASTE_SPECIALEFFECTS
	HIDD_PALETTE_PICKER_DLG
	HID_TP_ERASER
	HIDR_PCX_MOUSE_L
	HIDR_PCX_MOUSE_R
	HIDR_PCX_MOUSE_X
	HID_IMAGE_RESIZE
	HID_PAK_PLAYSOUND
	HID_PACKAGE_OPEN
	HID_IMAGE_ROTATE
	HID_APPLY_LEAST
	HID_VIEW_REMIP_OPTIONS
	HID_TOOL_AMOUNT
	AFX_HIDP_GET_NOT_SUPPORTED
	HIDD_TOOL_SETTINGS_TOOLBAR
	HID_COMBO_SHAPE
	HID_HT_OBJECT
	HID_FILE_TEST_TXL
	HID_ACCEL2991
	HID_ACCEL3017
	HID_ACCEL3020
	HID_ACCEL3003
	AFX_HIDP_SQL_BOOKMARKS_NOT_ENABLED
	HID_EDIT_RENAME
	HID_FILE_BROWSE2
	HIDD_DIALOGBAR_ZOOM
	HIDD_MARBLE_TILE_DLG
	HID_IMAGE_CONVERT_TEXTURES_QUAKE_TO_FROM_UNREAL
	HID_ZOOMVALUE_STATUSBAR
	HID_FILE_PRINT_PREVIEW
	HID_DRAWINGMODE_RAY
	AFX_HIDD_PRINTDLG
	HID_VIEW_TOOL_OPTIONS
	HID_RECORD_FIRST
	HIDD_WADPAK_VIEW_DLG
	HID_PAK_POPUP_NEW_IMAGE
	HID_EDIT_SELECT_ALL
	HIDD_PASTE_SPECIAL
	HIDR_BUILDVIEW_POPUP
	HID_BUILDVIEW_POPUP_COPYTILED
	HID_FILE_UPDATE
	HID_DRAWINGMODE_SOLID_RECT
	AFX_HIDW_RESIZE_BAR
	HIDD_PROPPAGE1
	HIDD_PROPPAGE2
	HIDD_PROPPAGE3
	HIDD_PROPPAGE4
	HIDD_PROPPAGE5
	HIDD_PROPPAGE6
	HIDD_PROPPAGE7
	HIDR_PCX_MOUSE
	AFX_HIDP_SQL_NO_DATA_FOUND
	HID_WIZARD_WADMERGE
	HID_IMAGE_FLIP
	AFX_HIDP_SQL_EMPTY_COLUMN_LIST
	AFX_HIDP_SQL_ODBC_LOAD_FAILED
	HID_FILE_IMPORT_INTO
	HIDD_DECAL_TOOLBAR
	AFX_HIDP_FAILED_TO_CREATE
	HID_WIDTH_31_PIXELS
	HIDR_PCX_BUILDVIEW_BUTTON
	HID_SELECTION_SELECT_ALL
	HID_SELECTION_SELECTNONE
	HID_TP_ANIMATE
	HIDR_WAVE_HUM
	HIDD_BUILD_PROPERTIES_DLG
	HIDD_MARBLE_DLG
	AFX_HIDD_BUSY
	HID_VIEW_OPTIONS
	AFX_HIDP_ARCH_NONE
	HID_FILE_REFRESH
	HID_COLORS_COUNT_COLORS_USED
	HID_RECORD_LAST
	HID_RECORD_NEXT
	HID_RECORD_PREV
	HID_PACKAGE_REMIP_SELECTED
	AFX_HIDD_OBJECTPROPERTIES
	HID_TP_LIGHTEN
	HIDD_GAME_PALETTE_DLG
	HIDD_BROWSE_DLG
	HIDD_NEW_PALETTE_DLG
	AFX_HIDP_UNREG_FAILURE
	AFX_HIDP_SQL_BOOKMARKS_NOT_SUPPORTED
	HID_PAKPOPUP_COPY
	HIDD_BATCH_ADV_PAGE1
	HIDD_BATCH_ADV_PAGE2
	HIDD_PALETTE_NAME_DLG
	AFX_HIDP_FILE_TOO_MANY_OPEN
	AFX_HIDP_SQL_FIELD_NOT_FOUND
	AFX_HIDP_FILE_ACCESS_DENIED
	HIDD_DIALOG1
	HIDD_DIALOG2
	HIDD_COPYTILED
	HID_USE_AS_LEFT_BULLET_SOURCE
	HID_TP_RUBBER_STAMP
	HIDD_EDGE_DETECT_DLG
	HID_USE_AS_RIGHT_BULLET_SOURCE
	HID_PAK_POPUP_RENAME
	HID_ZOOM_DIALOGBAR
	HID_FILE_SAVE_COPY_AS
	AFX_HIDD_CONVERT
	HIDR_PACKAGE_POPUP
	HIDR_BROWSETYPE
	HID_TOOLSETTINGS_TOOLBAR
	HID_APPLY_A_LITTLE_BIT
	AFX_HIDP_ASK_TO_DISCARD
	AFX_HIDP_SQL_FIELD_SCHEMA_MISMATCH
	HIDD_ENLARGE_CANVAS_DLG
	AFX_HIDP_SQL_LOCK_MODE_NOT_SUPPORTED
	HID_PAKPOPUP_PASTE
	HID_PAKPOPUP_DELETE
	HID_FORMAT_FONT
	HID_DRAWINGMODE_EDGED_RECT
	AFX_HIDP_FILE_HARD_IO
	HIDD_NEW_IMAGE_DLG
	HID_IMAGE_GENERATE_MARBLE_TILE_TEXTURE
	AFX_HIDD_CHANGESOURCE
	HID_TP_SCRATCH
	HIDD_OFFSET_DLG
	HID_EDIT_PASTE_AS_NEW_IMAGE
	HIDR_MODES_TOOLBAR
	HIDR_PCX_MOUSE_RX
	HID_COLORS_TRANSLATE
	AFX_HIDP_FILE_NOT_FOUND
	AFX_HIDW_DOCKBAR_TOP
	AFX_HIDP_DAO_DFX_BIND
	HID_FILE_LOAD_Q1PALETTE
	HID_TP_BIGBRUSH
	HIDD_WAD_MERGE_STATUS
	HID_COLORS_SAVE_PALETTE
	HID_BUTTON2974
	HID_WIDTH_5_PIXELS
	HIDR_LMP_REDNECK
	HIDR_BROWSE2TYPE
	HID_BUILDVIEW_POPUP_PROPERTIES
	AFX_HIDP_SQL_ODBC_V2_REQUIRED
	HIDD_SIN_FLAGS_DLG
	HIDD_TOOL_OPTIONS_DLG
	HID_COLORS_EDIT_PALETTE
	AFX_HIDP_SQL_NO_ROWS_AFFECTED
	HID_BVPOPUP_COPY
	HID_BVPOPUP_INFO
	HIDR_WAD_PLDECAL
	HID_EDIT_ZOOMIN
	HID_OLE_EDIT_CONVERT
	HID_PAK_POPUP_PASTE
	HID_SHOW_FINE_GRID
	HID_IMAGE_REDUCECOLORS
	AFX_HIDP_SQL_SQL_CONFORMANCE
	HID_TP_TILE
	HID_TP_TINT
	HID_TP_ZOOM
	HIDD_BATCHTEMP_DLG
	HID_DRAWINGMODE_HOLLOW_RECT
	HID_MARBLE_PROPERTIES
	AFX_HIDD_INSERTOBJECT
	HID_ZOOM
	AFX_HIDP_SQL_RECORDSET_READONLY
	HID_USE_AS_RIVET_SOURCE
	HID_EDIT_SHIFT_DOWN
	HID_EDIT_SHIFT_LEFT
	HID_IMAGE_GENERATE_MARBLE_TEXTURE
	HID_TP_PENCIL
	HID_WIDTH_11_PIXELS
	HID_SELECTION_SELECT_NONE
	HIDD_BLEND_DLG
	HID_EDIT_FREEUNDOMEMORY
	AFX_HIDP_PARSE_RADIO_BUTTON
	HID_TP_BULLET_HOLES
	HID_IMAGE_BLEND
	HIDD_BC_SUMMARY_DLG
	HIDR_PAK_POPUP
	HID_POPUP_COPYRESIZE
	HIDD_ADDTO_PACKAGE_DLG
	HIDR_PACKAGE_BROWSE_POPUP
	HID_DRAWINGMODE_POLYLINE
	HID_EDIT_PASTE_SPECIAL
	HID_FILE_CONVERT
	HIDR_WLY_TYPE
	HID_PACKAGE_EXPORT
	AFX_HIDP_DAO_ROWTOOSHORT
	HIDD_COLOR_TRANSLATOR_DLG
	HID_VIEW_SHOWSUBMIPS
	AFX_HIDP_SQL_INCORRECT_ODBC
	AFX_HIDP_NO_ERROR_AVAILABLE
	HID_IMAGE_EDGE_DETECT
	HID_EDIT_SHIFT_RIGHT
	AFX_HIDW_DOCKBAR_BOTTOM
	HIDR_WAVE_FIRE
	AFX_HIDP_FILE_DIR_FULL
	HID_WIDTH_2_PIXELS
	HID_TP_RIVETS
	HID_FILE_BROWSE
	HID_FILE_BUGFIX
	HID_WIZARD_COLOR_DECAL
	AFX_HIDP_DAO_BADBINDINFO
	HIDD_NEW_PACKAGE_IMAGE
	AFX_HIDP_SQL_UPDATE_DELETE_FAILED
	AFX_HIDP_PARSE_DATETIME
	HID_BUILDVIEW_POPUP_COPY
	HID_OLE_EDIT_CHANGE_ICON
	HIDD_WALLY_OPTIONS
	AFX_HIDP_ARCH_ENDOFFILE
	HID_TP_BLEND
	HID_TP_BRUSH
	HID_TP_CLONE
	HID_TP_DECAL
	HID_TP_FLAGS
	HID_STATUSBAR_PROGRESS
	HIDD_WADMERGE_DLG
	HID_USE_AS_RIGHT_PATTERN_SOURCE
	AFX_HIDP_SQL_SQL_NO_TOTAL
	AFX_HIDP_SQL_CONNECT_FAIL
	HID_FILTER_BLEND_HEAVY
	HID_TP_PAINT
	HID_TP_REMIP
	HID_EDIT_PASTE_PACKAGE
	HID_TP_SHAPE
	HID_FILTER_BLEND_LIGHT
	HID_TP_WIDTH
	AFX_HIDP_SQL_API_CONFORMANCE
	HID_OLE_EDIT_PROPERTIES
	AFX_HIDP_FILE_DISKFULL
	HID_FILE_LOAD_PALETTE
	HIDD_RESIZE_DLG
	HIDR_LMP_DUKE3D
	HID_FILE_PAGE_SETUP
	AFX_HIDW_DOCKBAR_LEFT
	HIDR_BUILDTYPE
	HID_BLANK_PANE
	HID_COMBO_SIZE
	AFX_HIDP_FILE_REMOVE_CURRENT
	AFX_HIDP_ARCH_BADCLASS
	HID_POPUP_DELETE
	AFX_HIDP_SQL_NO_POSITIONED_UPDATES
	HID_OLE_VERB_1
	HID_OLE_VERB_1
	HID_OLE_VERB_1
	HID_OLE_VERB_1
	HID_OLE_VERB_1
	HID_OLE_VERB_1
	HID_OLE_VERB_1
	HID_OLE_VERB_1
	HID_OLE_VERB_1
	HID_OLE_VERB_1
	HID_OLE_VERB_1
	HID_OLE_VERB_1
	HID_OLE_VERB_1
	HID_OLE_VERB_1
	HID_OLE_VERB_1
	HID_OLE_VERB_1
	AFX_HIDP_ARCH_BADINDEX
	HID_WIDTH_15_PIXELS
	HID_IMAGE_ENLARGE
	HIDD_BATCH_ADV_DLG
	HID_WIZBACK
	HID_WIZNEXT
	HID_BVPOPUP_PASTE
	HIDD_PAK_IMPORT_DLG
	HIDD_WADMERGE_ADD_DLG
	AFX_HIDP_PARSE_CURRENCY
	HID_VIEW_DECAL
	HID_TP_FLOOD_FILL
	AFX_HIDP_FILE_NONE
	HID_TOOL_SHAPE
	AFX_HIDW_PREVIEW_BAR
	HID_BUILD_POPUP_COPY
	HID_FILE_EXPORT
	HID_TOOL_WIDTH
	HID_BUILDVIEW_POPUP_DELETE
	HID_VIEW_RULES
	HID_PACKAGE_ADD
	HID_EDIT_DELETE
	HID_FILE_PRINT_SETUP
	AFX_HIDP_FAILED_TO_CONVERT
	HID_FILE_LOAD_Q2PALETTE
	HID_TOOLBAR_MIP1
	HID_TOOLBAR_MIP2
	HID_TOOLBAR_MIP3
	HID_TOOLBAR_MIP4
	HID_BUILDVIEW_PROPERTIES
	HID_HELP_FINDER
	HID_IMAGE_EMBOSS
	AFX_HIDP_FILE_EOF
	HIDD_ROTATE
	HIDD_PACKAGE_CONVERT_DLG
	AFX_HIDP_FILE_LOCKING
	AFX_HIDP_SQL_ILLEGAL_MODE
	AFX_HIDD_PREVIEW_TOOLBAR
	HID_MENUITEM2943
	AFX_HIDP_SQL_NO_CURRENT_RECORD
	HIDR_IMAGE_EDIT_TOOLBAR
	HID_FILTER_PREVIEW
	AFX_HIDP_FILE_BAD_PATH
	AFX_HIDP_FILE_BAD_SEEK
	HID_SHAPE_CIRCULAR
	AFX_HIDP_SQL_ROW_UPDATE_NOT_SUPPORTED
	HIDD_SHARPEN_DLG
	HID_IMAGE_EDIT_TOOLBAR
	HID_BRPOPUP_COPYTILED
	AFX_HIDP_FAILED_MAPI_LOAD
	AFX_HIDP_FAILED_MAPI_SEND
	HID_COMBO_AMOUNT
	HID_BROWSE_BLANK
	AFX_HIDP_FILE_SHARING
	HID_FILE_PAK
	HID_FILE_WLY
	HID_FILTER_FAST_PREVIEW
	HIDD_FREE_UNDOS_DLG
	HID_SELECTION_SELECTALL
	HIDD_TEXTURE_INFO
	HID_FILE_PRINT_DIRECT
	HIDD_EMBOSS_DLG
	HID_DRAWINGMODE_FREEHAND
	HID_TP_DROPPER
	HID_FILE_DEBUG
	HIDD_UNREAL_DLG
	HID_PACKAGE_DRAG_COPY
	HID_PACKAGE_DRAG_MOVE
	HID_FILE_PRINT
	AFX_HIDP_DLL_LOAD_FAILED
	HID_TP_PATTERNED_PAINT
	AFX_HIDP_SQL_DYNASET_NOT_SUPPORTED
	AFX_HIDD_PRINTSETUP
	HIDD_HALF_LIFE_PALETTE_DLG
	HIDR_LMP_BLEND
	AFX_HIDP_SQL_ROW_FETCH
	HIDD_NEW_TEXTURE_DLG1
	HID_PACKAGE_NEW_IMAGE
	HID_DRAWINGMODE_LINE
	HID_REPEAT_FILTER_PICK1
	HID_REPEAT_FILTER_PICK2
	HID_REPEAT_FILTER_PICK3
	HID_REPEAT_FILTER_PICK0
	HID_IMAGE_ADD_NOISE
	HID_PAK_POPUP_DELETE
	HID_BVPOPUP_DELETE
	HID_WIDTH_3_PIXELS
	HIDR_PAK_TYPE
	HID_MODES_TOOLBAR
	HID_TESTPPAGE
	HID_FILTER_APPLY
	HID_FILTER_BLEND
	AFX_HIDP_SET_NOT_SUPPORTED
	HID_PALETTE_TOOLBAR
	AFX_HIDD_CHANGEICON
	AFX_HIDP_DLL_BAD_VERSION
	AFX_HIDP_ARCH_BADSCHEMA
	HID_BUILDVIEW_POPUP_PASTE
	AFX_HIDD_FILEBROWSE
	HID_COLORS_SWAP_INDEXES
	HID_USE_AS_RIGHT_DECAL_SOURCE
	HIDR_BROWSE2_POPUP
	HID_SHAPE_SQUARE
	HID_EDIT_ZOOMOUT
	HID_TOOLBAR_FINEGRID
	HIDD_MIRROR_DLG
	HIDD_DIFFUSE_DLG
	HID_FILE_IMPORT_ASNEWWAL
	HID_PAK_POPUP_EXPORT
	HIDD_PAK_EXPORT_DLG
	HID_EDIT_COPYTILED
	HID_PAK_POPUP_NEW_TXTFILE
	HIDD_SIN_RULE_FLAGS_DLG
	HID_CONSTRAIN_STATUSBAR
	HIDD_NEW_WAL
	HID_BUTTON32889
	HIDR_PACKAGE_TYPE
	HID_TP_SPRAY_RECOLOR
	AFX_HIDD_EDITLINKS
	AFX_HIDP_SQL_DATA_TRUNCATED
	HIDD_BRIGHTNESS_CONTRAST_DLG
	HID_TP_SELECTION
	HID_HT_HELP
	HID_WIZFINISH
	HID_PAK_POPUP_CUT
	AFX_HIDP_INVALID_MAPI_DLL
	AFX_HIDD_PREVIEW_SHORTTOOLBAR
	AFX_HIDP_DAO_OBJECT_NOT_OPEN
	HIDR_PCX_WAD_THUMB
	AFX_HIDP_ARCH_WRITEONLY
	HIDR_PACKAGE_DRAG_POPUP
	HID_OLE_EDIT_LINKS
	HID_TP_RECOLOR
	HID_POPUP_COPY_AS_BITMAP
	HID_IMAGE_MIRROR
	HID_APPLY_MEDIUM
	AFX_HIDP_SQL_MULTIPLE_ROWS_AFFECTED
	HIDD_COLOR_DECAL
	HID_PACKAGE_RESIZE
	HID_TP_REPLACE
	HID_EDIT_PASTE_LINK
	HID_EDIT_PASTE_OVER
	AFX_HIDP_DAO_ENGINE_INITIALIZATION
	AFX_HIDW_DOCKBAR_FLOAT
	HIDD_PERCENT_DLG
	HID_FILE_TEST
	AFX_HIDD_PRINT
	AFX_HIDW_DOCKBAR_RIGHT
	HIDD_ADD_NOISE_DLG
	HID_TP_AMOUNT
	AFX_HIDP_PARSE_BYTE
	AFX_HIDP_PARSE_UINT
	HIDD_SELECT_GAME_DLG
	HID_USE_AS_LEFT_DECAL_SOURCE
	AFX_HIDP_ARCH_GENERIC
	HID_BRPOPUP_PROPERTIES
	HID_FILE_BATCH_CONVERSION
	HIDD_JUST_FOR_TESTING
	HID_IMAGE_FLIP_HORZ
	HID_IMAGE_FLIP_VERT
	HIDD_PALETTE_MISMATCH
	HID_WIDTH_7_PIXELS
	AFX_HIDP_SQL_SNAPSHOT_NOT_SUPPORTED
	HIDD_RENAME_IMAGE_DLG
	HID_IMAGE_DIFFUSE
	HID_APPLY_MORE
	HID_APPLY_MOST
	HIDD_PALETTE_EDITOR_DLG
	AFX_HIDD_PASTESPECIAL
	HID_WIDTH_1_PIXEL
	HID_FILE_SELECT_FOLDER
	AFX_HIDP_FILE_GENERIC
	AFX_HIDP_FILE_INVALID_FILE
	HID_PACKAGE_REMIP_ALL
	HIDR_PCX_MOUSE_LRX
	HID_HT_CLOSE
	HID_SHOW_COURSE_GRID
	HID_PAK_POPUP_IMPORT
	AFX_HIDP_ARCH_READONLY
	HID_BVPOPUP_COPY_CLIPBOARD
	HID_IMAGE_OFFSET
	AFX_HIDP_SQL_RECORDSET_FORWARD_ONLY
	HID_OLE_INSERT_NEW
	AFX_HIDP_SQL_DYNAMIC_CURSOR_NOT_SUPPORTED
	HIDD_RULES_DLG
	HIDD_REMIP_DLG
	HIDD_BATCH_DLG
	HID_IMAGE_SHARPEN
	HID_COLORS_LOAD_PALETTE
	HIDD_REDUCE_COLORS_DLG
	HIDD_DECAL_TOOLBAR_PAGE1
	HIDD_DECAL_TOOLBAR_PAGE2
	HIDR_LMP_QUAKE1
	HIDR_LMP_QUAKE2
	AFX_HIDP_DAO_COLUMNUNAVAILABLE
	HIDR_PACKAGE_VIEW_TYPE
	HIDD_PALETTE_TOOLBAR
	HID_PALETTE_COLORS
	HIDD_TOOL_SETTINGS_PAGE1
	HIDD_TOOL_SETTINGS_PAGE2
	HID_PAK_POPUP_NEW_FOLDER
64	Topics
44	Jumps
12	Keywords
21	Bitmaps


Created C:\Code\vc6\Wally\hlp\Wally.HLP, 35,388 bytes
Bitmaps: 5,348 bytes
Phrase+Zeck compression decreased help file by 12,243 bytes.
Compile time: 0 minutes, 0 seconds
2 notes, 11 warnings
